<?xml version="1.0" encoding="UTF-8"?>
<robot generator="Robot 5.0.1 (Python 3.10.4 on win32)" generated="20220930 00:58:47.120" rpa="false" schemaversion="3">
<suite id="s1" name="demoCustomKeywords" source="D:\LearningAndProjects\RobotFramework\tests\demoCustomKeywords.robot">
<test id="s1-t1" name="Show Log 1" line="6">
<kw name="Add Product To Cart" library="CustomKeywordsDemo">
<msg timestamp="20220930 00:58:47.147" level="INFO">HELLLLLLLLLLLLLOOOOOOOOOOOOOOOOOO</msg>
<status status="PASS" starttime="20220930 00:58:47.147" endtime="20220930 00:58:47.147"/>
</kw>
<kw name="Take Argument Then Return" library="CustomKeywordsDemo">
<var>${sum}</var>
<arg>2</arg>
<arg>3</arg>
<msg timestamp="20220930 00:58:47.147" level="INFO">${sum} = 5</msg>
<status status="PASS" starttime="20220930 00:58:47.147" endtime="20220930 00:58:47.148"/>
</kw>
<kw name="Log" library="BuiltIn">
<arg>${sum}</arg>
<doc>Logs the given message with the given level.</doc>
<msg timestamp="20220930 00:58:47.148" level="INFO">5</msg>
<status status="PASS" starttime="20220930 00:58:47.148" endtime="20220930 00:58:47.148"/>
</kw>
<tag>Sanity</tag>
<status status="PASS" starttime="20220930 00:58:47.146" endtime="20220930 00:58:47.148"/>
</test>
<test id="s1-t2" name="Show Log 2" line="12">
<kw name="Add Product To Cart" library="CustomKeywordsDemo">
<msg timestamp="20220930 00:58:47.149" level="INFO">HELLLLLLLLLLLLLOOOOOOOOOOOOOOOOOO</msg>
<status status="PASS" starttime="20220930 00:58:47.149" endtime="20220930 00:58:47.149"/>
</kw>
<kw name="Take Argument Then Return" library="CustomKeywordsDemo">
<var>${sum}</var>
<arg>4</arg>
<arg>5</arg>
<msg timestamp="20220930 00:58:47.150" level="INFO">${sum} = 9</msg>
<status status="PASS" starttime="20220930 00:58:47.149" endtime="20220930 00:58:47.150"/>
</kw>
<kw name="Log" library="BuiltIn">
<arg>${sum}</arg>
<doc>Logs the given message with the given level.</doc>
<msg timestamp="20220930 00:58:47.150" level="INFO">9</msg>
<status status="PASS" starttime="20220930 00:58:47.150" endtime="20220930 00:58:47.150"/>
</kw>
<tag>Sanity</tag>
<status status="PASS" starttime="20220930 00:58:47.149" endtime="20220930 00:58:47.150"/>
</test>
<test id="s1-t3" name="Show Log 3" line="18">
<kw name="Add Product To Cart" library="CustomKeywordsDemo">
<msg timestamp="20220930 00:58:47.151" level="INFO">HELLLLLLLLLLLLLOOOOOOOOOOOOOOOOOO</msg>
<status status="PASS" starttime="20220930 00:58:47.151" endtime="20220930 00:58:47.151"/>
</kw>
<kw name="Take Argument Then Return" library="CustomKeywordsDemo">
<var>${sum}</var>
<arg>5</arg>
<arg>6</arg>
<msg timestamp="20220930 00:58:47.151" level="INFO">${sum} = 11</msg>
<status status="PASS" starttime="20220930 00:58:47.151" endtime="20220930 00:58:47.151"/>
</kw>
<kw name="Log" library="BuiltIn">
<arg>${sum}</arg>
<doc>Logs the given message with the given level.</doc>
<msg timestamp="20220930 00:58:47.152" level="INFO">11</msg>
<status status="PASS" starttime="20220930 00:58:47.151" endtime="20220930 00:58:47.152"/>
</kw>
<tag>Sanity</tag>
<status status="PASS" starttime="20220930 00:58:47.151" endtime="20220930 00:58:47.152"/>
</test>
<doc>Demo Custom Keywords</doc>
<status status="PASS" starttime="20220930 00:58:47.122" endtime="20220930 00:58:47.153"/>
</suite>
<statistics>
<total>
<stat pass="3" fail="0" skip="0">All Tests</stat>
</total>
<tag>
<stat pass="3" fail="0" skip="0">Sanity</stat>
</tag>
<suite>
<stat pass="3" fail="0" skip="0" id="s1" name="demoCustomKeywords">demoCustomKeywords</stat>
</suite>
</statistics>
<errors>
</errors>
</robot>
