<?xml version="1.0" encoding="UTF-8"?>
<robot generator="Robot 5.0.1 (Python 3.9.13 on win32)" generated="20221005 23:44:45.912" rpa="false" schemaversion="3">
<suite id="s1" name="TC01 Login Failed" source="D:\LearningAndProjects\RobotFramework\tests\TC01_Login_Failed.robot">
<test id="s1-t1" name="Validate Login Failed With Incorrect User Name" line="16">
<kw name="Open Browser And Navigate To Page" library="SetUpTC" type="SETUP">
<kw name="Open Browser" library="SeleniumLibrary">
<arg>${url}</arg>
<arg>${browser}</arg>
<arg>executable_path=${executable_path}</arg>
<doc>Opens a new browser instance to the optional ``url``.</doc>
<msg timestamp="20221005 23:44:47.016" level="INFO">Opening browser 'chrome' to base url 'https://www.rahulshettyacademy.com/loginpagePractise/'.</msg>
<status status="PASS" starttime="20221005 23:44:47.016" endtime="20221005 23:44:51.728"/>
</kw>
<kw name="Maximize Browser Window" library="SeleniumLibrary">
<doc>Maximizes current browser window.</doc>
<status status="PASS" starttime="20221005 23:44:51.728" endtime="20221005 23:44:51.901"/>
</kw>
<status status="PASS" starttime="20221005 23:44:47.015" endtime="20221005 23:44:51.901"/>
</kw>
<kw name="Input User Name">
<arg>invalidUserName</arg>
<kw name="Input Text" library="SeleniumLibrary">
<arg>${id_username}</arg>
<arg>${user_name}</arg>
<doc>Types the given ``text`` into the text field identified by ``locator``.</doc>
<msg timestamp="20221005 23:44:51.908" level="INFO">Typing text 'invalidUserName' into text field 'id:username'.</msg>
<status status="PASS" starttime="20221005 23:44:51.907" endtime="20221005 23:44:52.303"/>
</kw>
<status status="PASS" starttime="20221005 23:44:51.906" endtime="20221005 23:44:52.303"/>
</kw>
<kw name="Input Password">
<arg>learning</arg>
<kw name="Input Text" library="SeleniumLibrary">
<arg>${id_password}</arg>
<arg>${password}</arg>
<doc>Types the given ``text`` into the text field identified by ``locator``.</doc>
<msg timestamp="20221005 23:44:52.306" level="INFO">Typing text 'learning' into text field 'id:password'.</msg>
<status status="PASS" starttime="20221005 23:44:52.305" endtime="20221005 23:44:52.485"/>
</kw>
<status status="PASS" starttime="20221005 23:44:52.304" endtime="20221005 23:44:52.485"/>
</kw>
<kw name="Check Agree checkbox">
<kw name="Select Checkbox" library="SeleniumLibrary">
<arg>${id_agree}</arg>
<doc>Selects the checkbox identified by ``locator``.</doc>
<msg timestamp="20221005 23:44:52.488" level="INFO">Selecting checkbox 'id:terms'.</msg>
<status status="PASS" starttime="20221005 23:44:52.487" endtime="20221005 23:44:52.674"/>
</kw>
<status status="PASS" starttime="20221005 23:44:52.487" endtime="20221005 23:44:52.674"/>
</kw>
<kw name="Sign In And Verify Sign In Failed">
<kw name="Click Button" library="SeleniumLibrary">
<arg>${id_signin}</arg>
<doc>Clicks the button identified by ``locator``.</doc>
<msg timestamp="20221005 23:44:52.677" level="INFO">Clicking button 'id:signInBtn'.</msg>
<status status="PASS" starttime="20221005 23:44:52.676" endtime="20221005 23:44:52.774"/>
</kw>
<kw name="Wait Until Element Is Visible" library="SeleniumLibrary">
<arg>${xpath_alert_failed}</arg>
<arg>3</arg>
<doc>Waits until the element ``locator`` is visible.</doc>
<status status="PASS" starttime="20221005 23:44:52.774" endtime="20221005 23:44:54.962"/>
</kw>
<kw name="Get Element Attribute" library="SeleniumLibrary">
<var>${attribute}</var>
<arg>${xpath_alert_failed}</arg>
<arg>style</arg>
<doc>Returns the value of ``attribute`` from the element ``locator``.</doc>
<msg timestamp="20221005 23:44:55.006" level="INFO">${attribute} = display: block;</msg>
<status status="PASS" starttime="20221005 23:44:54.963" endtime="20221005 23:44:55.006"/>
</kw>
<kw name="Should Contain" library="BuiltIn">
<arg>${attribute}</arg>
<arg>block</arg>
<arg>Do not display alert message</arg>
<doc>Fails if ``container`` does not contain ``item`` one or more times.</doc>
<status status="PASS" starttime="20221005 23:44:55.007" endtime="20221005 23:44:55.007"/>
</kw>
<status status="PASS" starttime="20221005 23:44:52.676" endtime="20221005 23:44:55.007"/>
</kw>
<kw name="Close All Browsers" library="SeleniumLibrary">
<doc>Closes all open browsers and resets the browser cache.</doc>
<status status="PASS" starttime="20221005 23:44:55.012" endtime="20221005 23:44:57.760"/>
</kw>
<status status="PASS" starttime="20221005 23:44:47.013" endtime="20221005 23:44:57.761"/>
</test>
<test id="s1-t2" name="Validate Login Failed With Incorrect Password" line="23">
<kw name="Open Browser And Navigate To Page" library="SetUpTC" type="SETUP">
<kw name="Open Browser" library="SeleniumLibrary">
<arg>${url}</arg>
<arg>${browser}</arg>
<arg>executable_path=${executable_path}</arg>
<doc>Opens a new browser instance to the optional ``url``.</doc>
<msg timestamp="20221005 23:44:57.766" level="INFO">Opening browser 'chrome' to base url 'https://www.rahulshettyacademy.com/loginpagePractise/'.</msg>
<status status="PASS" starttime="20221005 23:44:57.765" endtime="20221005 23:45:01.354"/>
</kw>
<kw name="Maximize Browser Window" library="SeleniumLibrary">
<doc>Maximizes current browser window.</doc>
<status status="PASS" starttime="20221005 23:45:01.354" endtime="20221005 23:45:01.513"/>
</kw>
<status status="PASS" starttime="20221005 23:44:57.764" endtime="20221005 23:45:01.513"/>
</kw>
<kw name="Input User Name">
<arg>rahulshettyacademy</arg>
<kw name="Input Text" library="SeleniumLibrary">
<arg>${id_username}</arg>
<arg>${user_name}</arg>
<doc>Types the given ``text`` into the text field identified by ``locator``.</doc>
<msg timestamp="20221005 23:45:01.516" level="INFO">Typing text 'rahulshettyacademy' into text field 'id:username'.</msg>
<status status="PASS" starttime="20221005 23:45:01.515" endtime="20221005 23:45:01.763"/>
</kw>
<status status="PASS" starttime="20221005 23:45:01.514" endtime="20221005 23:45:01.763"/>
</kw>
<kw name="Input Password">
<arg>invalidPassword</arg>
<kw name="Input Text" library="SeleniumLibrary">
<arg>${id_password}</arg>
<arg>${password}</arg>
<doc>Types the given ``text`` into the text field identified by ``locator``.</doc>
<msg timestamp="20221005 23:45:01.766" level="INFO">Typing text 'invalidPassword' into text field 'id:password'.</msg>
<status status="PASS" starttime="20221005 23:45:01.764" endtime="20221005 23:45:01.959"/>
</kw>
<status status="PASS" starttime="20221005 23:45:01.764" endtime="20221005 23:45:01.959"/>
</kw>
<kw name="Check Agree checkbox">
<kw name="Select Checkbox" library="SeleniumLibrary">
<arg>${id_agree}</arg>
<doc>Selects the checkbox identified by ``locator``.</doc>
<msg timestamp="20221005 23:45:01.961" level="INFO">Selecting checkbox 'id:terms'.</msg>
<status status="PASS" starttime="20221005 23:45:01.960" endtime="20221005 23:45:02.097"/>
</kw>
<status status="PASS" starttime="20221005 23:45:01.960" endtime="20221005 23:45:02.097"/>
</kw>
<kw name="Sign In And Verify Sign In Failed">
<kw name="Click Button" library="SeleniumLibrary">
<arg>${id_signin}</arg>
<doc>Clicks the button identified by ``locator``.</doc>
<msg timestamp="20221005 23:45:02.100" level="INFO">Clicking button 'id:signInBtn'.</msg>
<status status="PASS" starttime="20221005 23:45:02.099" endtime="20221005 23:45:02.206"/>
</kw>
<kw name="Wait Until Element Is Visible" library="SeleniumLibrary">
<arg>${xpath_alert_failed}</arg>
<arg>3</arg>
<doc>Waits until the element ``locator`` is visible.</doc>
<status status="PASS" starttime="20221005 23:45:02.206" endtime="20221005 23:45:04.262"/>
</kw>
<kw name="Get Element Attribute" library="SeleniumLibrary">
<var>${attribute}</var>
<arg>${xpath_alert_failed}</arg>
<arg>style</arg>
<doc>Returns the value of ``attribute`` from the element ``locator``.</doc>
<msg timestamp="20221005 23:45:04.304" level="INFO">${attribute} = display: block;</msg>
<status status="PASS" starttime="20221005 23:45:04.263" endtime="20221005 23:45:04.304"/>
</kw>
<kw name="Should Contain" library="BuiltIn">
<arg>${attribute}</arg>
<arg>block</arg>
<arg>Do not display alert message</arg>
<doc>Fails if ``container`` does not contain ``item`` one or more times.</doc>
<status status="PASS" starttime="20221005 23:45:04.304" endtime="20221005 23:45:04.305"/>
</kw>
<status status="PASS" starttime="20221005 23:45:02.099" endtime="20221005 23:45:04.306"/>
</kw>
<kw name="Close All Browsers" library="SeleniumLibrary">
<doc>Closes all open browsers and resets the browser cache.</doc>
<status status="PASS" starttime="20221005 23:45:04.307" endtime="20221005 23:45:06.599"/>
</kw>
<status status="PASS" starttime="20221005 23:44:57.763" endtime="20221005 23:45:06.600"/>
</test>
<test id="s1-t3" name="Validate Login Failed With Incorrect User Name And Password" line="30">
<kw name="Open Browser And Navigate To Page" library="SetUpTC" type="SETUP">
<kw name="Open Browser" library="SeleniumLibrary">
<arg>${url}</arg>
<arg>${browser}</arg>
<arg>executable_path=${executable_path}</arg>
<doc>Opens a new browser instance to the optional ``url``.</doc>
<msg timestamp="20221005 23:45:06.607" level="INFO">Opening browser 'chrome' to base url 'https://www.rahulshettyacademy.com/loginpagePractise/'.</msg>
<status status="PASS" starttime="20221005 23:45:06.604" endtime="20221005 23:45:09.473"/>
</kw>
<kw name="Maximize Browser Window" library="SeleniumLibrary">
<doc>Maximizes current browser window.</doc>
<status status="PASS" starttime="20221005 23:45:09.474" endtime="20221005 23:45:09.623"/>
</kw>
<status status="PASS" starttime="20221005 23:45:06.603" endtime="20221005 23:45:09.623"/>
</kw>
<kw name="Input User Name">
<arg>invalidUserName</arg>
<kw name="Input Text" library="SeleniumLibrary">
<arg>${id_username}</arg>
<arg>${user_name}</arg>
<doc>Types the given ``text`` into the text field identified by ``locator``.</doc>
<msg timestamp="20221005 23:45:09.626" level="INFO">Typing text 'invalidUserName' into text field 'id:username'.</msg>
<status status="PASS" starttime="20221005 23:45:09.625" endtime="20221005 23:45:09.858"/>
</kw>
<status status="PASS" starttime="20221005 23:45:09.624" endtime="20221005 23:45:09.859"/>
</kw>
<kw name="Input Password">
<arg>invalidPassword</arg>
<kw name="Input Text" library="SeleniumLibrary">
<arg>${id_password}</arg>
<arg>${password}</arg>
<doc>Types the given ``text`` into the text field identified by ``locator``.</doc>
<msg timestamp="20221005 23:45:09.862" level="INFO">Typing text 'invalidPassword' into text field 'id:password'.</msg>
<status status="PASS" starttime="20221005 23:45:09.861" endtime="20221005 23:45:10.047"/>
</kw>
<status status="PASS" starttime="20221005 23:45:09.860" endtime="20221005 23:45:10.047"/>
</kw>
<kw name="Check Agree checkbox">
<kw name="Select Checkbox" library="SeleniumLibrary">
<arg>${id_agree}</arg>
<doc>Selects the checkbox identified by ``locator``.</doc>
<msg timestamp="20221005 23:45:10.049" level="INFO">Selecting checkbox 'id:terms'.</msg>
<status status="PASS" starttime="20221005 23:45:10.049" endtime="20221005 23:45:10.192"/>
</kw>
<status status="PASS" starttime="20221005 23:45:10.047" endtime="20221005 23:45:10.193"/>
</kw>
<kw name="Sign In And Verify Sign In Failed">
<kw name="Click Button" library="SeleniumLibrary">
<arg>${id_signin}</arg>
<doc>Clicks the button identified by ``locator``.</doc>
<msg timestamp="20221005 23:45:10.195" level="INFO">Clicking button 'id:signInBtn'.</msg>
<status status="PASS" starttime="20221005 23:45:10.194" endtime="20221005 23:45:10.320"/>
</kw>
<kw name="Wait Until Element Is Visible" library="SeleniumLibrary">
<arg>${xpath_alert_failed}</arg>
<arg>3</arg>
<doc>Waits until the element ``locator`` is visible.</doc>
<status status="PASS" starttime="20221005 23:45:10.320" endtime="20221005 23:45:12.532"/>
</kw>
<kw name="Get Element Attribute" library="SeleniumLibrary">
<var>${attribute}</var>
<arg>${xpath_alert_failed}</arg>
<arg>style</arg>
<doc>Returns the value of ``attribute`` from the element ``locator``.</doc>
<msg timestamp="20221005 23:45:12.579" level="INFO">${attribute} = display: block;</msg>
<status status="PASS" starttime="20221005 23:45:12.533" endtime="20221005 23:45:12.579"/>
</kw>
<kw name="Should Contain" library="BuiltIn">
<arg>${attribute}</arg>
<arg>block</arg>
<arg>Do not display alert message</arg>
<doc>Fails if ``container`` does not contain ``item`` one or more times.</doc>
<status status="PASS" starttime="20221005 23:45:12.580" endtime="20221005 23:45:12.580"/>
</kw>
<status status="PASS" starttime="20221005 23:45:10.194" endtime="20221005 23:45:12.580"/>
</kw>
<kw name="Close All Browsers" library="SeleniumLibrary">
<doc>Closes all open browsers and resets the browser cache.</doc>
<status status="PASS" starttime="20221005 23:45:12.581" endtime="20221005 23:45:15.041"/>
</kw>
<status status="PASS" starttime="20221005 23:45:06.602" endtime="20221005 23:45:15.042"/>
</test>
<doc>This TC is to test login failed scenario</doc>
<status status="PASS" starttime="20221005 23:44:45.916" endtime="20221005 23:45:15.045"/>
</suite>
<statistics>
<total>
<stat pass="3" fail="0" skip="0">All Tests</stat>
</total>
<tag>
</tag>
<suite>
<stat pass="3" fail="0" skip="0" id="s1" name="TC01 Login Failed">TC01 Login Failed</stat>
</suite>
</statistics>
<errors>
</errors>
</robot>
