<?xml version="1.0" encoding="UTF-8"?>
<robot generator="Robot 5.0.1 (Python 3.9.13 on win32)" generated="20221002 21:19:43.080" rpa="false" schemaversion="3">
<suite id="s1" name="Tests" source="D:\LearningAndProjects\RobotFramework\tests">
<suite id="s1-s1" name="demoCustomKeywords" source="D:\LearningAndProjects\RobotFramework\tests\demoCustomKeywords.robot">
<test id="s1-s1-t1" name="Show Log 2" line="12">
<kw name="Add Product To Cart" library="CustomKeywordsDemo">
<msg timestamp="20221002 21:19:43.300" level="INFO">HELLLLLLLLLLLLLOOOOOOOOOOOOOOOOOO</msg>
<status status="PASS" starttime="20221002 21:19:43.298" endtime="20221002 21:19:43.300"/>
</kw>
<kw name="Take Argument Then Return" library="CustomKeywordsDemo">
<var>${sum}</var>
<arg>4</arg>
<arg>5</arg>
<msg timestamp="20221002 21:19:43.304" level="INFO">${sum} = 9</msg>
<status status="PASS" starttime="20221002 21:19:43.302" endtime="20221002 21:19:43.304"/>
</kw>
<kw name="Log" library="BuiltIn">
<arg>${sum}</arg>
<doc>Logs the given message with the given level.</doc>
<msg timestamp="20221002 21:19:43.307" level="INFO">9</msg>
<status status="PASS" starttime="20221002 21:19:43.304" endtime="20221002 21:19:43.307"/>
</kw>
<tag>Sanity</tag>
<status status="PASS" starttime="20221002 21:19:43.294" endtime="20221002 21:19:43.310"/>
</test>
<doc>Demo Custom Keywords</doc>
<status status="PASS" starttime="20221002 21:19:43.269" endtime="20221002 21:19:43.340"/>
</suite>
<status status="PASS" starttime="20221002 21:19:43.136" endtime="20221002 21:19:43.345"/>
</suite>
<statistics>
<total>
<stat pass="1" fail="0" skip="0">All Tests</stat>
</total>
<tag>
<stat pass="1" fail="0" skip="0">Sanity</stat>
</tag>
<suite>
<stat pass="1" fail="0" skip="0" id="s1" name="Tests">Tests</stat>
<stat pass="1" fail="0" skip="0" id="s1-s1" name="demoCustomKeywords">Tests.demoCustomKeywords</stat>
</suite>
</statistics>
<errors>
</errors>
</robot>
