<?xml version="1.0" encoding="UTF-8"?>
<robot generator="Robot 5.0.1 (Python 3.9.13 on win32)" generated="20221002 21:19:35.800" rpa="false" schemaversion="3">
<suite id="s1" name="Tests" source="D:\LearningAndProjects\RobotFramework\tests">
<suite id="s1-s1" name="demoCustomKeywords" source="D:\LearningAndProjects\RobotFramework\tests\demoCustomKeywords.robot">
<test id="s1-s1-t1" name="Show Log 1" line="6">
<kw name="Add Product To Cart" library="CustomKeywordsDemo">
<msg timestamp="20221002 21:19:35.969" level="INFO">HELLLLLLLLLLLLLOOOOOOOOOOOOOOOOOO</msg>
<status status="PASS" starttime="20221002 21:19:35.962" endtime="20221002 21:19:35.969"/>
</kw>
<kw name="Take Argument Then Return" library="CustomKeywordsDemo">
<var>${sum}</var>
<arg>2</arg>
<arg>3</arg>
<msg timestamp="20221002 21:19:35.972" level="INFO">${sum} = 5</msg>
<status status="PASS" starttime="20221002 21:19:35.970" endtime="20221002 21:19:35.973"/>
</kw>
<kw name="Log" library="BuiltIn">
<arg>${sum}</arg>
<doc>Logs the given message with the given level.</doc>
<msg timestamp="20221002 21:19:35.977" level="INFO">5</msg>
<status status="PASS" starttime="20221002 21:19:35.974" endtime="20221002 21:19:35.989"/>
</kw>
<tag>Sanity</tag>
<status status="PASS" starttime="20221002 21:19:35.960" endtime="20221002 21:19:35.990"/>
</test>
<doc>Demo Custom Keywords</doc>
<status status="PASS" starttime="20221002 21:19:35.950" endtime="20221002 21:19:35.992"/>
</suite>
<status status="PASS" starttime="20221002 21:19:35.867" endtime="20221002 21:19:35.995"/>
</suite>
<statistics>
<total>
<stat pass="1" fail="0" skip="0">All Tests</stat>
</total>
<tag>
<stat pass="1" fail="0" skip="0">Sanity</stat>
</tag>
<suite>
<stat pass="1" fail="0" skip="0" id="s1" name="Tests">Tests</stat>
<stat pass="1" fail="0" skip="0" id="s1-s1" name="demoCustomKeywords">Tests.demoCustomKeywords</stat>
</suite>
</statistics>
<errors>
</errors>
</robot>
