<?xml version="1.0" encoding="UTF-8"?>
<robot generator="Robot 5.0.1 (Python 3.9.13 on win32)" generated="20221002 21:18:59.220" rpa="false" schemaversion="3">
<suite id="s1" name="Tests" source="D:\LearningAndProjects\RobotFramework\tests">
<suite id="s1-s1" name="TC01 Login Failed" source="D:\LearningAndProjects\RobotFramework\tests\TC01_Login_Failed.robot">
<test id="s1-s1-t1" name="Validate Login Failed With Incorrect Password" line="23">
<kw name="Open Browser And Navigate To Page" library="SetUpTC" type="SETUP">
<kw name="Open Browser" library="SeleniumLibrary">
<arg>${url}</arg>
<arg>${browser}</arg>
<arg>executable_path=${executable_path}</arg>
<doc>Opens a new browser instance to the optional ``url``.</doc>
<msg timestamp="20221002 21:18:59.937" level="INFO">Opening browser 'chrome' to base url 'https://www.rahulshettyacademy.com/loginpagePractise/'.</msg>
<status status="PASS" starttime="20221002 21:18:59.936" endtime="20221002 21:19:14.853"/>
</kw>
<kw name="Maximize Browser Window" library="SeleniumLibrary">
<doc>Maximizes current browser window.</doc>
<status status="PASS" starttime="20221002 21:19:14.957" endtime="20221002 21:19:15.851"/>
</kw>
<status status="PASS" starttime="20221002 21:18:59.934" endtime="20221002 21:19:16.008"/>
</kw>
<kw name="Input User Name">
<arg>rahulshettyacademy</arg>
<kw name="Input Text" library="SeleniumLibrary">
<arg>${id_username}</arg>
<arg>${user_name}</arg>
<doc>Types the given ``text`` into the text field identified by ``locator``.</doc>
<msg timestamp="20221002 21:19:16.093" level="INFO">Typing text 'rahulshettyacademy' into text field 'id:username'.</msg>
<status status="PASS" starttime="20221002 21:19:16.079" endtime="20221002 21:19:17.323"/>
</kw>
<status status="PASS" starttime="20221002 21:19:16.074" endtime="20221002 21:19:17.324"/>
</kw>
<kw name="Input Password">
<arg>invalidPassword</arg>
<kw name="Input Text" library="SeleniumLibrary">
<arg>${id_password}</arg>
<arg>${password}</arg>
<doc>Types the given ``text`` into the text field identified by ``locator``.</doc>
<msg timestamp="20221002 21:19:17.328" level="INFO">Typing text 'invalidPassword' into text field 'id:password'.</msg>
<status status="PASS" starttime="20221002 21:19:17.325" endtime="20221002 21:19:17.574"/>
</kw>
<status status="PASS" starttime="20221002 21:19:17.325" endtime="20221002 21:19:17.576"/>
</kw>
<kw name="Check Agree checkbox">
<kw name="Select Checkbox" library="SeleniumLibrary">
<arg>${id_agree}</arg>
<doc>Selects the checkbox identified by ``locator``.</doc>
<msg timestamp="20221002 21:19:17.585" level="INFO">Selecting checkbox 'id:terms'.</msg>
<status status="PASS" starttime="20221002 21:19:17.579" endtime="20221002 21:19:18.201"/>
</kw>
<status status="PASS" starttime="20221002 21:19:17.576" endtime="20221002 21:19:18.202"/>
</kw>
<kw name="Sign In And Verify Sign In Failed">
<kw name="Click Button" library="SeleniumLibrary">
<arg>${id_signin}</arg>
<doc>Clicks the button identified by ``locator``.</doc>
<msg timestamp="20221002 21:19:18.205" level="INFO">Clicking button 'id:signInBtn'.</msg>
<status status="PASS" starttime="20221002 21:19:18.204" endtime="20221002 21:19:18.957"/>
</kw>
<kw name="Wait Until Element Is Visible" library="SeleniumLibrary">
<arg>${xpath_alert_failed}</arg>
<arg>3</arg>
<doc>Waits until the element ``locator`` is visible.</doc>
<status status="PASS" starttime="20221002 21:19:18.958" endtime="20221002 21:19:21.142"/>
</kw>
<kw name="Get Element Attribute" library="SeleniumLibrary">
<var>${attribute}</var>
<arg>${xpath_alert_failed}</arg>
<arg>style</arg>
<doc>Returns the value of ``attribute`` from the element ``locator``.</doc>
<msg timestamp="20221002 21:19:21.324" level="INFO">${attribute} = display: block;</msg>
<status status="PASS" starttime="20221002 21:19:21.144" endtime="20221002 21:19:21.325"/>
</kw>
<kw name="Should Contain" library="BuiltIn">
<arg>${attribute}</arg>
<arg>block</arg>
<arg>Do not display alert message</arg>
<doc>Fails if ``container`` does not contain ``item`` one or more times.</doc>
<status status="PASS" starttime="20221002 21:19:21.325" endtime="20221002 21:19:21.327"/>
</kw>
<status status="PASS" starttime="20221002 21:19:18.203" endtime="20221002 21:19:21.328"/>
</kw>
<kw name="Close All Browsers" library="SeleniumLibrary">
<doc>Closes all open browsers and resets the browser cache.</doc>
<status status="PASS" starttime="20221002 21:19:21.328" endtime="20221002 21:19:27.732"/>
</kw>
<status status="PASS" starttime="20221002 21:18:59.933" endtime="20221002 21:19:27.734"/>
</test>
<doc>This TC is to test login failed scenario</doc>
<status status="PASS" starttime="20221002 21:18:59.270" endtime="20221002 21:19:27.739"/>
</suite>
<status status="PASS" starttime="20221002 21:18:59.242" endtime="20221002 21:19:27.743"/>
</suite>
<statistics>
<total>
<stat pass="1" fail="0" skip="0">All Tests</stat>
</total>
<tag>
</tag>
<suite>
<stat pass="1" fail="0" skip="0" id="s1" name="Tests">Tests</stat>
<stat pass="1" fail="0" skip="0" id="s1-s1" name="TC01 Login Failed">Tests.TC01 Login Failed</stat>
</suite>
</statistics>
<errors>
</errors>
</robot>
