<?xml version="1.0" encoding="UTF-8"?>
<robot generator="Robot 5.0.1 (Python 3.9.13 on win32)" generated="20221002 21:18:59.220" rpa="false" schemaversion="3">
<suite id="s1" name="Tests" source="D:\LearningAndProjects\RobotFramework\tests">
<suite id="s1-s1" name="TC01 Login Failed DataDriven" source="D:\LearningAndProjects\RobotFramework\tests\TC01_Login_Failed_DataDriven.robot">
<test id="s1-s1-t1" name="Invalid Username" line="17">
<kw name="Open Browser And Navigate To Page" library="SetUpTC" type="SETUP">
<kw name="Open Browser" library="SeleniumLibrary">
<arg>${url}</arg>
<arg>${browser}</arg>
<arg>executable_path=${executable_path}</arg>
<doc>Opens a new browser instance to the optional ``url``.</doc>
<msg timestamp="20221002 21:18:59.881" level="INFO">Opening browser 'chrome' to base url 'https://www.rahulshettyacademy.com/loginpagePractise/'.</msg>
<status status="PASS" starttime="20221002 21:18:59.881" endtime="20221002 21:19:14.812"/>
</kw>
<kw name="Maximize Browser Window" library="SeleniumLibrary">
<doc>Maximizes current browser window.</doc>
<status status="PASS" starttime="20221002 21:19:14.828" endtime="20221002 21:19:15.674"/>
</kw>
<status status="PASS" starttime="20221002 21:18:59.879" endtime="20221002 21:19:15.688"/>
</kw>
<kw name="Login With Invalid Credentials">
<arg>invalidUserName</arg>
<arg>learning</arg>
<kw name="Input User Name">
<arg>${user_name}</arg>
<kw name="Input Text" library="SeleniumLibrary">
<arg>${id_username}</arg>
<arg>${user_name}</arg>
<doc>Types the given ``text`` into the text field identified by ``locator``.</doc>
<msg timestamp="20221002 21:19:16.004" level="INFO">Typing text 'invalidUserName' into text field 'id:username'.</msg>
<status status="PASS" starttime="20221002 21:19:15.771" endtime="20221002 21:19:17.335"/>
</kw>
<status status="PASS" starttime="20221002 21:19:15.758" endtime="20221002 21:19:17.336"/>
</kw>
<kw name="Input Password">
<arg>${id_password}</arg>
<kw name="Input Text" library="SeleniumLibrary">
<arg>${id_password}</arg>
<arg>${password}</arg>
<doc>Types the given ``text`` into the text field identified by ``locator``.</doc>
<msg timestamp="20221002 21:19:17.340" level="INFO">Typing text 'learning' into text field 'id:password'.</msg>
<status status="PASS" starttime="20221002 21:19:17.339" endtime="20221002 21:19:17.659"/>
</kw>
<status status="PASS" starttime="20221002 21:19:17.337" endtime="20221002 21:19:17.660"/>
</kw>
<kw name="Check Agree checkbox">
<kw name="Select Checkbox" library="SeleniumLibrary">
<arg>${id_agree}</arg>
<doc>Selects the checkbox identified by ``locator``.</doc>
<msg timestamp="20221002 21:19:17.663" level="INFO">Selecting checkbox 'id:terms'.</msg>
<status status="PASS" starttime="20221002 21:19:17.661" endtime="20221002 21:19:18.262"/>
</kw>
<status status="PASS" starttime="20221002 21:19:17.660" endtime="20221002 21:19:18.267"/>
</kw>
<kw name="Sign In And Verify Sign In Failed">
<kw name="Click Button" library="SeleniumLibrary">
<arg>${id_signin}</arg>
<doc>Clicks the button identified by ``locator``.</doc>
<msg timestamp="20221002 21:19:18.272" level="INFO">Clicking button 'id:signInBtn'.</msg>
<status status="PASS" starttime="20221002 21:19:18.271" endtime="20221002 21:19:19.228"/>
</kw>
<kw name="Wait Until Element Is Visible" library="SeleniumLibrary">
<arg>${xpath_alert_failed}</arg>
<arg>3</arg>
<doc>Waits until the element ``locator`` is visible.</doc>
<status status="PASS" starttime="20221002 21:19:19.229" endtime="20221002 21:19:21.969"/>
</kw>
<kw name="Get Element Attribute" library="SeleniumLibrary">
<var>${attribute}</var>
<arg>${xpath_alert_failed}</arg>
<arg>style</arg>
<doc>Returns the value of ``attribute`` from the element ``locator``.</doc>
<msg timestamp="20221002 21:19:22.303" level="INFO">${attribute} = display: block;</msg>
<status status="PASS" starttime="20221002 21:19:21.970" endtime="20221002 21:19:22.303"/>
</kw>
<kw name="Should Contain" library="BuiltIn">
<arg>${attribute}</arg>
<arg>block</arg>
<arg>Do not display alert message</arg>
<doc>Fails if ``container`` does not contain ``item`` one or more times.</doc>
<status status="PASS" starttime="20221002 21:19:22.304" endtime="20221002 21:19:22.306"/>
</kw>
<status status="PASS" starttime="20221002 21:19:18.269" endtime="20221002 21:19:22.308"/>
</kw>
<kw name="Close All Browsers" library="SeleniumLibrary">
<doc>Closes all open browsers and resets the browser cache.</doc>
<status status="PASS" starttime="20221002 21:19:22.309" endtime="20221002 21:19:27.733"/>
</kw>
<status status="PASS" starttime="20221002 21:19:15.719" endtime="20221002 21:19:27.734"/>
</kw>
<status status="PASS" starttime="20221002 21:18:59.877" endtime="20221002 21:19:27.735"/>
</test>
<doc>This TC is to test login failed scenario</doc>
<status status="PASS" starttime="20221002 21:18:59.288" endtime="20221002 21:19:27.740"/>
</suite>
<status status="PASS" starttime="20221002 21:18:59.244" endtime="20221002 21:19:27.743"/>
</suite>
<statistics>
<total>
<stat pass="1" fail="0" skip="0">All Tests</stat>
</total>
<tag>
</tag>
<suite>
<stat pass="1" fail="0" skip="0" id="s1" name="Tests">Tests</stat>
<stat pass="1" fail="0" skip="0" id="s1-s1" name="TC01 Login Failed DataDriven">Tests.TC01 Login Failed DataDriven</stat>
</suite>
</statistics>
<errors>
</errors>
</robot>
