<?xml version="1.0" encoding="UTF-8"?>
<robot generator="Robot 5.0.1 (Python 3.9.13 on win32)" generated="20221002 21:19:46.533" rpa="false" schemaversion="3">
<suite id="s1" name="Tests" source="D:\LearningAndProjects\RobotFramework\tests">
<suite id="s1-s1" name="demoCustomKeywords" source="D:\LearningAndProjects\RobotFramework\tests\demoCustomKeywords.robot">
<test id="s1-s1-t1" name="Show Log 3" line="18">
<kw name="Add Product To Cart" library="CustomKeywordsDemo">
<msg timestamp="20221002 21:19:46.803" level="INFO">HELLLLLLLLLLLLLOOOOOOOOOOOOOOOOOO</msg>
<status status="PASS" starttime="20221002 21:19:46.794" endtime="20221002 21:19:46.803"/>
</kw>
<kw name="Take Argument Then Return" library="CustomKeywordsDemo">
<var>${sum}</var>
<arg>5</arg>
<arg>6</arg>
<msg timestamp="20221002 21:19:46.805" level="INFO">${sum} = 11</msg>
<status status="PASS" starttime="20221002 21:19:46.804" endtime="20221002 21:19:46.806"/>
</kw>
<kw name="Log" library="BuiltIn">
<arg>${sum}</arg>
<doc>Logs the given message with the given level.</doc>
<msg timestamp="20221002 21:19:46.808" level="INFO">11</msg>
<status status="PASS" starttime="20221002 21:19:46.806" endtime="20221002 21:19:46.809"/>
</kw>
<tag>Sanity</tag>
<status status="PASS" starttime="20221002 21:19:46.792" endtime="20221002 21:19:46.809"/>
</test>
<doc>Demo Custom Keywords</doc>
<status status="PASS" starttime="20221002 21:19:46.762" endtime="20221002 21:19:46.811"/>
</suite>
<status status="PASS" starttime="20221002 21:19:46.643" endtime="20221002 21:19:46.817"/>
</suite>
<statistics>
<total>
<stat pass="1" fail="0" skip="0">All Tests</stat>
</total>
<tag>
<stat pass="1" fail="0" skip="0">Sanity</stat>
</tag>
<suite>
<stat pass="1" fail="0" skip="0" id="s1" name="Tests">Tests</stat>
<stat pass="1" fail="0" skip="0" id="s1-s1" name="demoCustomKeywords">Tests.demoCustomKeywords</stat>
</suite>
</statistics>
<errors>
</errors>
</robot>
