<?xml version="1.0" encoding="UTF-8"?>
<robot generator="Robot 5.0.1 (Python 3.9.13 on win32)" generated="20221002 21:18:59.253" rpa="false" schemaversion="3">
<suite id="s1" name="Tests" source="D:\LearningAndProjects\RobotFramework\tests">
<suite id="s1-s1" name="TC01 Login Failed" source="D:\LearningAndProjects\RobotFramework\tests\TC01_Login_Failed.robot">
<test id="s1-s1-t1" name="Validate Login Failed With Incorrect User Name" line="16">
<kw name="Open Browser And Navigate To Page" library="SetUpTC" type="SETUP">
<kw name="Open Browser" library="SeleniumLibrary">
<arg>${url}</arg>
<arg>${browser}</arg>
<arg>executable_path=${executable_path}</arg>
<doc>Opens a new browser instance to the optional ``url``.</doc>
<msg timestamp="20221002 21:18:59.959" level="INFO">Opening browser 'chrome' to base url 'https://www.rahulshettyacademy.com/loginpagePractise/'.</msg>
<status status="PASS" starttime="20221002 21:18:59.958" endtime="20221002 21:19:14.845"/>
</kw>
<kw name="Maximize Browser Window" library="SeleniumLibrary">
<doc>Maximizes current browser window.</doc>
<status status="PASS" starttime="20221002 21:19:14.951" endtime="20221002 21:19:16.142"/>
</kw>
<status status="PASS" starttime="20221002 21:18:59.956" endtime="20221002 21:19:16.145"/>
</kw>
<kw name="Input User Name">
<arg>invalidUserName</arg>
<kw name="Input Text" library="SeleniumLibrary">
<arg>${id_username}</arg>
<arg>${user_name}</arg>
<doc>Types the given ``text`` into the text field identified by ``locator``.</doc>
<msg timestamp="20221002 21:19:16.188" level="INFO">Typing text 'invalidUserName' into text field 'id:username'.</msg>
<status status="PASS" starttime="20221002 21:19:16.165" endtime="20221002 21:19:17.325"/>
</kw>
<status status="PASS" starttime="20221002 21:19:16.160" endtime="20221002 21:19:17.325"/>
</kw>
<kw name="Input Password">
<arg>learning</arg>
<kw name="Input Text" library="SeleniumLibrary">
<arg>${id_password}</arg>
<arg>${password}</arg>
<doc>Types the given ``text`` into the text field identified by ``locator``.</doc>
<msg timestamp="20221002 21:19:17.329" level="INFO">Typing text 'learning' into text field 'id:password'.</msg>
<status status="PASS" starttime="20221002 21:19:17.328" endtime="20221002 21:19:17.943"/>
</kw>
<status status="PASS" starttime="20221002 21:19:17.327" endtime="20221002 21:19:17.944"/>
</kw>
<kw name="Check Agree checkbox">
<kw name="Select Checkbox" library="SeleniumLibrary">
<arg>${id_agree}</arg>
<doc>Selects the checkbox identified by ``locator``.</doc>
<msg timestamp="20221002 21:19:17.954" level="INFO">Selecting checkbox 'id:terms'.</msg>
<status status="PASS" starttime="20221002 21:19:17.951" endtime="20221002 21:19:19.026"/>
</kw>
<status status="PASS" starttime="20221002 21:19:17.945" endtime="20221002 21:19:19.026"/>
</kw>
<kw name="Sign In And Verify Sign In Failed">
<kw name="Click Button" library="SeleniumLibrary">
<arg>${id_signin}</arg>
<doc>Clicks the button identified by ``locator``.</doc>
<msg timestamp="20221002 21:19:19.037" level="INFO">Clicking button 'id:signInBtn'.</msg>
<status status="PASS" starttime="20221002 21:19:19.033" endtime="20221002 21:19:19.692"/>
</kw>
<kw name="Wait Until Element Is Visible" library="SeleniumLibrary">
<arg>${xpath_alert_failed}</arg>
<arg>3</arg>
<doc>Waits until the element ``locator`` is visible.</doc>
<status status="PASS" starttime="20221002 21:19:19.695" endtime="20221002 21:19:21.954"/>
</kw>
<kw name="Get Element Attribute" library="SeleniumLibrary">
<var>${attribute}</var>
<arg>${xpath_alert_failed}</arg>
<arg>style</arg>
<doc>Returns the value of ``attribute`` from the element ``locator``.</doc>
<msg timestamp="20221002 21:19:22.502" level="INFO">${attribute} = display: block;</msg>
<status status="PASS" starttime="20221002 21:19:21.955" endtime="20221002 21:19:22.502"/>
</kw>
<kw name="Should Contain" library="BuiltIn">
<arg>${attribute}</arg>
<arg>block</arg>
<arg>Do not display alert message</arg>
<doc>Fails if ``container`` does not contain ``item`` one or more times.</doc>
<status status="PASS" starttime="20221002 21:19:22.503" endtime="20221002 21:19:22.508"/>
</kw>
<status status="PASS" starttime="20221002 21:19:19.028" endtime="20221002 21:19:22.510"/>
</kw>
<kw name="Close All Browsers" library="SeleniumLibrary">
<doc>Closes all open browsers and resets the browser cache.</doc>
<status status="PASS" starttime="20221002 21:19:22.514" endtime="20221002 21:19:27.455"/>
</kw>
<status status="PASS" starttime="20221002 21:18:59.954" endtime="20221002 21:19:27.459"/>
</test>
<doc>This TC is to test login failed scenario</doc>
<status status="PASS" starttime="20221002 21:18:59.303" endtime="20221002 21:19:27.465"/>
</suite>
<status status="PASS" starttime="20221002 21:18:59.272" endtime="20221002 21:19:27.469"/>
</suite>
<statistics>
<total>
<stat pass="1" fail="0" skip="0">All Tests</stat>
</total>
<tag>
</tag>
<suite>
<stat pass="1" fail="0" skip="0" id="s1" name="Tests">Tests</stat>
<stat pass="1" fail="0" skip="0" id="s1-s1" name="TC01 Login Failed">Tests.TC01 Login Failed</stat>
</suite>
</statistics>
<errors>
</errors>
</robot>
