<?xml version="1.0" encoding="UTF-8"?>
<robot generator="Robot 5.0.1 (Python 3.9.13 on win32)" generated="20221002 21:18:59.220" rpa="false" schemaversion="3">
<suite id="s1" name="Tests" source="D:\LearningAndProjects\RobotFramework\tests">
<suite id="s1-s1" name="TC01 Login Failed DataDriven" source="D:\LearningAndProjects\RobotFramework\tests\TC01_Login_Failed_DataDriven.robot">
<test id="s1-s1-t1" name="Invalid Username And Password" line="19">
<kw name="Open Browser And Navigate To Page" library="SetUpTC" type="SETUP">
<kw name="Open Browser" library="SeleniumLibrary">
<arg>${url}</arg>
<arg>${browser}</arg>
<arg>executable_path=${executable_path}</arg>
<doc>Opens a new browser instance to the optional ``url``.</doc>
<msg timestamp="20221002 21:18:59.894" level="INFO">Opening browser 'chrome' to base url 'https://www.rahulshettyacademy.com/loginpagePractise/'.</msg>
<status status="PASS" starttime="20221002 21:18:59.893" endtime="20221002 21:19:14.823"/>
</kw>
<kw name="Maximize Browser Window" library="SeleniumLibrary">
<doc>Maximizes current browser window.</doc>
<status status="PASS" starttime="20221002 21:19:14.839" endtime="20221002 21:19:15.845"/>
</kw>
<status status="PASS" starttime="20221002 21:18:59.892" endtime="20221002 21:19:15.862"/>
</kw>
<kw name="Login With Invalid Credentials">
<arg>invalidUserName</arg>
<arg>invalidPassword</arg>
<kw name="Input User Name">
<arg>${user_name}</arg>
<kw name="Input Text" library="SeleniumLibrary">
<arg>${id_username}</arg>
<arg>${user_name}</arg>
<doc>Types the given ``text`` into the text field identified by ``locator``.</doc>
<msg timestamp="20221002 21:19:16.123" level="INFO">Typing text 'invalidUserName' into text field 'id:username'.</msg>
<status status="PASS" starttime="20221002 21:19:16.078" endtime="20221002 21:19:17.325"/>
</kw>
<status status="PASS" starttime="20221002 21:19:15.989" endtime="20221002 21:19:17.325"/>
</kw>
<kw name="Input Password">
<arg>${id_password}</arg>
<kw name="Input Text" library="SeleniumLibrary">
<arg>${id_password}</arg>
<arg>${password}</arg>
<doc>Types the given ``text`` into the text field identified by ``locator``.</doc>
<msg timestamp="20221002 21:19:17.328" level="INFO">Typing text 'invalidPassword' into text field 'id:password'.</msg>
<status status="PASS" starttime="20221002 21:19:17.327" endtime="20221002 21:19:18.045"/>
</kw>
<status status="PASS" starttime="20221002 21:19:17.325" endtime="20221002 21:19:18.046"/>
</kw>
<kw name="Check Agree checkbox">
<kw name="Select Checkbox" library="SeleniumLibrary">
<arg>${id_agree}</arg>
<doc>Selects the checkbox identified by ``locator``.</doc>
<msg timestamp="20221002 21:19:18.055" level="INFO">Selecting checkbox 'id:terms'.</msg>
<status status="PASS" starttime="20221002 21:19:18.053" endtime="20221002 21:19:18.904"/>
</kw>
<status status="PASS" starttime="20221002 21:19:18.050" endtime="20221002 21:19:18.905"/>
</kw>
<kw name="Sign In And Verify Sign In Failed">
<kw name="Click Button" library="SeleniumLibrary">
<arg>${id_signin}</arg>
<doc>Clicks the button identified by ``locator``.</doc>
<msg timestamp="20221002 21:19:18.910" level="INFO">Clicking button 'id:signInBtn'.</msg>
<status status="PASS" starttime="20221002 21:19:18.907" endtime="20221002 21:19:19.240"/>
</kw>
<kw name="Wait Until Element Is Visible" library="SeleniumLibrary">
<arg>${xpath_alert_failed}</arg>
<arg>3</arg>
<doc>Waits until the element ``locator`` is visible.</doc>
<status status="PASS" starttime="20221002 21:19:19.241" endtime="20221002 21:19:21.845"/>
</kw>
<kw name="Get Element Attribute" library="SeleniumLibrary">
<var>${attribute}</var>
<arg>${xpath_alert_failed}</arg>
<arg>style</arg>
<doc>Returns the value of ``attribute`` from the element ``locator``.</doc>
<msg timestamp="20221002 21:19:22.112" level="INFO">${attribute} = display: block;</msg>
<status status="PASS" starttime="20221002 21:19:21.851" endtime="20221002 21:19:22.112"/>
</kw>
<kw name="Should Contain" library="BuiltIn">
<arg>${attribute}</arg>
<arg>block</arg>
<arg>Do not display alert message</arg>
<doc>Fails if ``container`` does not contain ``item`` one or more times.</doc>
<status status="PASS" starttime="20221002 21:19:22.116" endtime="20221002 21:19:22.118"/>
</kw>
<status status="PASS" starttime="20221002 21:19:18.905" endtime="20221002 21:19:22.119"/>
</kw>
<kw name="Close All Browsers" library="SeleniumLibrary">
<doc>Closes all open browsers and resets the browser cache.</doc>
<status status="PASS" starttime="20221002 21:19:22.120" endtime="20221002 21:19:27.106"/>
</kw>
<status status="PASS" starttime="20221002 21:19:15.876" endtime="20221002 21:19:27.108"/>
</kw>
<status status="PASS" starttime="20221002 21:18:59.891" endtime="20221002 21:19:27.109"/>
</test>
<doc>This TC is to test login failed scenario</doc>
<status status="PASS" starttime="20221002 21:18:59.276" endtime="20221002 21:19:27.116"/>
</suite>
<status status="PASS" starttime="20221002 21:18:59.243" endtime="20221002 21:19:27.122"/>
</suite>
<statistics>
<total>
<stat pass="1" fail="0" skip="0">All Tests</stat>
</total>
<tag>
</tag>
<suite>
<stat pass="1" fail="0" skip="0" id="s1" name="Tests">Tests</stat>
<stat pass="1" fail="0" skip="0" id="s1-s1" name="TC01 Login Failed DataDriven">Tests.TC01 Login Failed DataDriven</stat>
</suite>
</statistics>
<errors>
</errors>
</robot>
