<?xml version="1.0" encoding="UTF-8"?>
<robot generator="Robot 5.0.1 (Python 3.9.13 on win32)" generated="20221002 21:19:29.358" rpa="false" schemaversion="3">
<suite id="s1" name="Tests" source="D:\LearningAndProjects\RobotFramework\tests">
<suite id="s1-s1" name="TC01 Login Failed With PabotLib" source="D:\LearningAndProjects\RobotFramework\tests\TC01_Login_Failed_With_PabotLib.robot">
<test id="s1-s1-t1" name="Validate Login Failed With Incorrect User Name" line="17">
<kw name="Open Browser And Navigate To Page" library="SetUpTC" type="SETUP">
<kw name="Open Browser" library="SeleniumLibrary">
<arg>${url}</arg>
<arg>${browser}</arg>
<arg>executable_path=${executable_path}</arg>
<doc>Opens a new browser instance to the optional ``url``.</doc>
<msg timestamp="20221002 21:19:30.378" level="INFO">Opening browser 'chrome' to base url 'https://www.rahulshettyacademy.com/loginpagePractise/'.</msg>
<status status="PASS" starttime="20221002 21:19:30.376" endtime="20221002 21:19:37.661"/>
</kw>
<kw name="Maximize Browser Window" library="SeleniumLibrary">
<doc>Maximizes current browser window.</doc>
<status status="PASS" starttime="20221002 21:19:37.662" endtime="20221002 21:19:38.357"/>
</kw>
<status status="PASS" starttime="20221002 21:19:30.375" endtime="20221002 21:19:38.357"/>
</kw>
<kw name="Input User Name">
<arg>invalidUserName</arg>
<kw name="Input Text" library="SeleniumLibrary">
<arg>${id_username}</arg>
<arg>${user_name}</arg>
<doc>Types the given ``text`` into the text field identified by ``locator``.</doc>
<msg timestamp="20221002 21:19:38.365" level="INFO">Typing text 'invalidUserName' into text field 'id:username'.</msg>
<status status="PASS" starttime="20221002 21:19:38.359" endtime="20221002 21:19:39.860"/>
</kw>
<status status="PASS" starttime="20221002 21:19:38.358" endtime="20221002 21:19:39.861"/>
</kw>
<kw name="Input Password">
<arg>learning</arg>
<kw name="Input Text" library="SeleniumLibrary">
<arg>${id_password}</arg>
<arg>${password}</arg>
<doc>Types the given ``text`` into the text field identified by ``locator``.</doc>
<msg timestamp="20221002 21:19:39.868" level="INFO">Typing text 'learning' into text field 'id:password'.</msg>
<status status="PASS" starttime="20221002 21:19:39.863" endtime="20221002 21:19:42.991"/>
</kw>
<status status="PASS" starttime="20221002 21:19:39.861" endtime="20221002 21:19:42.992"/>
</kw>
<kw name="Check Agree checkbox">
<kw name="Select Checkbox" library="SeleniumLibrary">
<arg>${id_agree}</arg>
<doc>Selects the checkbox identified by ``locator``.</doc>
<msg timestamp="20221002 21:19:42.995" level="INFO">Selecting checkbox 'id:terms'.</msg>
<status status="PASS" starttime="20221002 21:19:42.994" endtime="20221002 21:19:43.694"/>
</kw>
<status status="PASS" starttime="20221002 21:19:42.992" endtime="20221002 21:19:43.695"/>
</kw>
<kw name="Sign In And Verify Sign In Failed">
<kw name="Click Button" library="SeleniumLibrary">
<arg>${id_signin}</arg>
<doc>Clicks the button identified by ``locator``.</doc>
<msg timestamp="20221002 21:19:43.698" level="INFO">Clicking button 'id:signInBtn'.</msg>
<status status="PASS" starttime="20221002 21:19:43.697" endtime="20221002 21:19:43.983"/>
</kw>
<kw name="Wait Until Element Is Visible" library="SeleniumLibrary">
<arg>${xpath_alert_failed}</arg>
<arg>3</arg>
<doc>Waits until the element ``locator`` is visible.</doc>
<status status="PASS" starttime="20221002 21:19:43.984" endtime="20221002 21:19:46.129"/>
</kw>
<kw name="Get Element Attribute" library="SeleniumLibrary">
<var>${attribute}</var>
<arg>${xpath_alert_failed}</arg>
<arg>style</arg>
<doc>Returns the value of ``attribute`` from the element ``locator``.</doc>
<msg timestamp="20221002 21:19:46.241" level="INFO">${attribute} = display: block;</msg>
<status status="PASS" starttime="20221002 21:19:46.132" endtime="20221002 21:19:46.241"/>
</kw>
<kw name="Should Contain" library="BuiltIn">
<arg>${attribute}</arg>
<arg>block</arg>
<arg>Do not display alert message</arg>
<doc>Fails if ``container`` does not contain ``item`` one or more times.</doc>
<status status="PASS" starttime="20221002 21:19:46.241" endtime="20221002 21:19:46.243"/>
</kw>
<status status="PASS" starttime="20221002 21:19:43.695" endtime="20221002 21:19:46.243"/>
</kw>
<kw name="Close All Browsers" library="SeleniumLibrary">
<doc>Closes all open browsers and resets the browser cache.</doc>
<status status="PASS" starttime="20221002 21:19:46.244" endtime="20221002 21:19:52.674"/>
</kw>
<status status="PASS" starttime="20221002 21:19:30.372" endtime="20221002 21:19:52.678"/>
</test>
<doc>This TC is to test login failed scenario</doc>
<status status="PASS" starttime="20221002 21:19:29.535" endtime="20221002 21:19:52.685"/>
</suite>
<status status="PASS" starttime="20221002 21:19:29.403" endtime="20221002 21:19:52.689"/>
</suite>
<statistics>
<total>
<stat pass="1" fail="0" skip="0">All Tests</stat>
</total>
<tag>
</tag>
<suite>
<stat pass="1" fail="0" skip="0" id="s1" name="Tests">Tests</stat>
<stat pass="1" fail="0" skip="0" id="s1-s1" name="TC01 Login Failed With PabotLib">Tests.TC01 Login Failed With PabotLib</stat>
</suite>
</statistics>
<errors>
<msg timestamp="20221002 21:19:54.909" level="ERROR">RuntimeError catched in remotelib keyword execution. Maybe there is no connection - is pabot called with --pabotlib option? ErrorDetails: RuntimeError('Connection to remote server broken: [WinError 10061] No connection could be made because the target machine actively refused it')</msg>
</errors>
</robot>
