<?xml version="1.0" encoding="UTF-8"?>
<robot generator="Robot 5.0.1 (Python 3.9.13 on win32)" generated="20221003 17:26:00.854" rpa="false" schemaversion="3">
<suite id="s1" name="TC01 Login Failed DataDriven CSV" source="D:\LearningAndProjects\RobotFramework\tests\TC01_Login_Failed_DataDriven_CSV.robot">
<test id="s1-t1" name="Invalid username" line="18">
<kw name="Open Browser And Navigate To Page" library="SetUpTC" type="SETUP">
<kw name="Open Browser" library="SeleniumLibrary">
<arg>${url}</arg>
<arg>${browser}</arg>
<arg>executable_path=${executable_path}</arg>
<doc>Opens a new browser instance to the optional ``url``.</doc>
<msg timestamp="20221003 17:26:04.877" level="INFO">Opening browser 'chrome' to base url 'https://www.rahulshettyacademy.com/loginpagePractise/'.</msg>
<status status="PASS" starttime="20221003 17:26:04.876" endtime="20221003 17:26:06.965"/>
</kw>
<kw name="Maximize Browser Window" library="SeleniumLibrary">
<doc>Maximizes current browser window.</doc>
<status status="PASS" starttime="20221003 17:26:06.966" endtime="20221003 17:26:07.093"/>
</kw>
<status status="PASS" starttime="20221003 17:26:04.875" endtime="20221003 17:26:07.094"/>
</kw>
<kw name="Login With Invalid Credentials">
<arg>invalidUserName</arg>
<arg>learning</arg>
<kw name="Input User Name">
<arg>${user_name}</arg>
<kw name="Input Text" library="SeleniumLibrary">
<arg>${id_username}</arg>
<arg>${user_name}</arg>
<doc>Types the given ``text`` into the text field identified by ``locator``.</doc>
<msg timestamp="20221003 17:26:07.097" level="INFO">Typing text 'invalidUserName' into text field 'id:username'.</msg>
<status status="PASS" starttime="20221003 17:26:07.096" endtime="20221003 17:26:07.379"/>
</kw>
<status status="PASS" starttime="20221003 17:26:07.095" endtime="20221003 17:26:07.379"/>
</kw>
<kw name="Input Password">
<arg>${password}</arg>
<kw name="Input Text" library="SeleniumLibrary">
<arg>${id_password}</arg>
<arg>${password}</arg>
<doc>Types the given ``text`` into the text field identified by ``locator``.</doc>
<msg timestamp="20221003 17:26:07.381" level="INFO">Typing text 'learning' into text field 'id:password'.</msg>
<status status="PASS" starttime="20221003 17:26:07.381" endtime="20221003 17:26:07.494"/>
</kw>
<status status="PASS" starttime="20221003 17:26:07.379" endtime="20221003 17:26:07.495"/>
</kw>
<kw name="Check Agree checkbox">
<kw name="Select Checkbox" library="SeleniumLibrary">
<arg>${id_agree}</arg>
<doc>Selects the checkbox identified by ``locator``.</doc>
<msg timestamp="20221003 17:26:07.496" level="INFO">Selecting checkbox 'id:terms'.</msg>
<status status="PASS" starttime="20221003 17:26:07.495" endtime="20221003 17:26:07.624"/>
</kw>
<status status="PASS" starttime="20221003 17:26:07.495" endtime="20221003 17:26:07.624"/>
</kw>
<kw name="Sign In And Verify Sign In Failed">
<kw name="Click Button" library="SeleniumLibrary">
<arg>${id_signin}</arg>
<doc>Clicks the button identified by ``locator``.</doc>
<msg timestamp="20221003 17:26:07.626" level="INFO">Clicking button 'id:signInBtn'.</msg>
<status status="PASS" starttime="20221003 17:26:07.626" endtime="20221003 17:26:07.706"/>
</kw>
<kw name="Wait Until Element Is Visible" library="SeleniumLibrary">
<arg>${xpath_alert_failed}</arg>
<arg>3</arg>
<doc>Waits until the element ``locator`` is visible.</doc>
<status status="PASS" starttime="20221003 17:26:07.708" endtime="20221003 17:26:09.822"/>
</kw>
<kw name="Get Element Attribute" library="SeleniumLibrary">
<var>${attribute}</var>
<arg>${xpath_alert_failed}</arg>
<arg>style</arg>
<doc>Returns the value of ``attribute`` from the element ``locator``.</doc>
<msg timestamp="20221003 17:26:09.848" level="INFO">${attribute} = display: block;</msg>
<status status="PASS" starttime="20221003 17:26:09.824" endtime="20221003 17:26:09.848"/>
</kw>
<kw name="Should Contain" library="BuiltIn">
<arg>${attribute}</arg>
<arg>block</arg>
<arg>Do not display alert message</arg>
<doc>Fails if ``container`` does not contain ``item`` one or more times.</doc>
<status status="PASS" starttime="20221003 17:26:09.848" endtime="20221003 17:26:09.849"/>
</kw>
<status status="PASS" starttime="20221003 17:26:07.625" endtime="20221003 17:26:09.849"/>
</kw>
<kw name="Close All Browsers" library="SeleniumLibrary">
<doc>Closes all open browsers and resets the browser cache.</doc>
<status status="PASS" starttime="20221003 17:26:09.849" endtime="20221003 17:26:13.127"/>
</kw>
<status status="PASS" starttime="20221003 17:26:07.094" endtime="20221003 17:26:13.127"/>
</kw>
<status status="PASS" starttime="20221003 17:26:04.873" endtime="20221003 17:26:13.128"/>
</test>
<test id="s1-t2" name="Invalid password" line="18">
<kw name="Open Browser And Navigate To Page" library="SetUpTC" type="SETUP">
<kw name="Open Browser" library="SeleniumLibrary">
<arg>${url}</arg>
<arg>${browser}</arg>
<arg>executable_path=${executable_path}</arg>
<doc>Opens a new browser instance to the optional ``url``.</doc>
<msg timestamp="20221003 17:26:13.134" level="INFO">Opening browser 'chrome' to base url 'https://www.rahulshettyacademy.com/loginpagePractise/'.</msg>
<status status="PASS" starttime="20221003 17:26:13.133" endtime="20221003 17:26:15.061"/>
</kw>
<kw name="Maximize Browser Window" library="SeleniumLibrary">
<doc>Maximizes current browser window.</doc>
<status status="PASS" starttime="20221003 17:26:15.062" endtime="20221003 17:26:15.199"/>
</kw>
<status status="PASS" starttime="20221003 17:26:13.131" endtime="20221003 17:26:15.199"/>
</kw>
<kw name="Login With Invalid Credentials">
<arg>rahulshettyacademy</arg>
<arg>invalidPassword</arg>
<kw name="Input User Name">
<arg>${user_name}</arg>
<kw name="Input Text" library="SeleniumLibrary">
<arg>${id_username}</arg>
<arg>${user_name}</arg>
<doc>Types the given ``text`` into the text field identified by ``locator``.</doc>
<msg timestamp="20221003 17:26:15.202" level="INFO">Typing text 'rahulshettyacademy' into text field 'id:username'.</msg>
<status status="PASS" starttime="20221003 17:26:15.202" endtime="20221003 17:26:15.438"/>
</kw>
<status status="PASS" starttime="20221003 17:26:15.201" endtime="20221003 17:26:15.439"/>
</kw>
<kw name="Input Password">
<arg>${password}</arg>
<kw name="Input Text" library="SeleniumLibrary">
<arg>${id_password}</arg>
<arg>${password}</arg>
<doc>Types the given ``text`` into the text field identified by ``locator``.</doc>
<msg timestamp="20221003 17:26:15.441" level="INFO">Typing text 'invalidPassword' into text field 'id:password'.</msg>
<status status="PASS" starttime="20221003 17:26:15.440" endtime="20221003 17:26:15.581"/>
</kw>
<status status="PASS" starttime="20221003 17:26:15.439" endtime="20221003 17:26:15.581"/>
</kw>
<kw name="Check Agree checkbox">
<kw name="Select Checkbox" library="SeleniumLibrary">
<arg>${id_agree}</arg>
<doc>Selects the checkbox identified by ``locator``.</doc>
<msg timestamp="20221003 17:26:15.583" level="INFO">Selecting checkbox 'id:terms'.</msg>
<status status="PASS" starttime="20221003 17:26:15.582" endtime="20221003 17:26:15.693"/>
</kw>
<status status="PASS" starttime="20221003 17:26:15.581" endtime="20221003 17:26:15.694"/>
</kw>
<kw name="Sign In And Verify Sign In Failed">
<kw name="Click Button" library="SeleniumLibrary">
<arg>${id_signin}</arg>
<doc>Clicks the button identified by ``locator``.</doc>
<msg timestamp="20221003 17:26:15.696" level="INFO">Clicking button 'id:signInBtn'.</msg>
<status status="PASS" starttime="20221003 17:26:15.695" endtime="20221003 17:26:15.781"/>
</kw>
<kw name="Wait Until Element Is Visible" library="SeleniumLibrary">
<arg>${xpath_alert_failed}</arg>
<arg>3</arg>
<doc>Waits until the element ``locator`` is visible.</doc>
<status status="PASS" starttime="20221003 17:26:15.781" endtime="20221003 17:26:17.993"/>
</kw>
<kw name="Get Element Attribute" library="SeleniumLibrary">
<var>${attribute}</var>
<arg>${xpath_alert_failed}</arg>
<arg>style</arg>
<doc>Returns the value of ``attribute`` from the element ``locator``.</doc>
<msg timestamp="20221003 17:26:18.041" level="INFO">${attribute} = display: block;</msg>
<status status="PASS" starttime="20221003 17:26:17.993" endtime="20221003 17:26:18.041"/>
</kw>
<kw name="Should Contain" library="BuiltIn">
<arg>${attribute}</arg>
<arg>block</arg>
<arg>Do not display alert message</arg>
<doc>Fails if ``container`` does not contain ``item`` one or more times.</doc>
<status status="PASS" starttime="20221003 17:26:18.042" endtime="20221003 17:26:18.043"/>
</kw>
<status status="PASS" starttime="20221003 17:26:15.694" endtime="20221003 17:26:18.044"/>
</kw>
<kw name="Close All Browsers" library="SeleniumLibrary">
<doc>Closes all open browsers and resets the browser cache.</doc>
<status status="PASS" starttime="20221003 17:26:18.044" endtime="20221003 17:26:20.616"/>
</kw>
<status status="PASS" starttime="20221003 17:26:15.200" endtime="20221003 17:26:20.617"/>
</kw>
<status status="PASS" starttime="20221003 17:26:13.129" endtime="20221003 17:26:20.618"/>
</test>
<test id="s1-t3" name="Invalid both" line="18">
<kw name="Open Browser And Navigate To Page" library="SetUpTC" type="SETUP">
<kw name="Open Browser" library="SeleniumLibrary">
<arg>${url}</arg>
<arg>${browser}</arg>
<arg>executable_path=${executable_path}</arg>
<doc>Opens a new browser instance to the optional ``url``.</doc>
<msg timestamp="20221003 17:26:20.626" level="INFO">Opening browser 'chrome' to base url 'https://www.rahulshettyacademy.com/loginpagePractise/'.</msg>
<status status="PASS" starttime="20221003 17:26:20.624" endtime="20221003 17:26:24.820"/>
</kw>
<kw name="Maximize Browser Window" library="SeleniumLibrary">
<doc>Maximizes current browser window.</doc>
<status status="PASS" starttime="20221003 17:26:24.820" endtime="20221003 17:26:25.170"/>
</kw>
<status status="PASS" starttime="20221003 17:26:20.623" endtime="20221003 17:26:25.171"/>
</kw>
<kw name="Login With Invalid Credentials">
<arg>invalidUserName</arg>
<arg>invalidPassword</arg>
<kw name="Input User Name">
<arg>${user_name}</arg>
<kw name="Input Text" library="SeleniumLibrary">
<arg>${id_username}</arg>
<arg>${user_name}</arg>
<doc>Types the given ``text`` into the text field identified by ``locator``.</doc>
<msg timestamp="20221003 17:26:25.176" level="INFO">Typing text 'invalidUserName' into text field 'id:username'.</msg>
<status status="PASS" starttime="20221003 17:26:25.175" endtime="20221003 17:26:25.446"/>
</kw>
<status status="PASS" starttime="20221003 17:26:25.173" endtime="20221003 17:26:25.446"/>
</kw>
<kw name="Input Password">
<arg>${password}</arg>
<kw name="Input Text" library="SeleniumLibrary">
<arg>${id_password}</arg>
<arg>${password}</arg>
<doc>Types the given ``text`` into the text field identified by ``locator``.</doc>
<msg timestamp="20221003 17:26:25.448" level="INFO">Typing text 'invalidPassword' into text field 'id:password'.</msg>
<status status="PASS" starttime="20221003 17:26:25.447" endtime="20221003 17:26:25.663"/>
</kw>
<status status="PASS" starttime="20221003 17:26:25.446" endtime="20221003 17:26:25.664"/>
</kw>
<kw name="Check Agree checkbox">
<kw name="Select Checkbox" library="SeleniumLibrary">
<arg>${id_agree}</arg>
<doc>Selects the checkbox identified by ``locator``.</doc>
<msg timestamp="20221003 17:26:25.666" level="INFO">Selecting checkbox 'id:terms'.</msg>
<status status="PASS" starttime="20221003 17:26:25.665" endtime="20221003 17:26:25.994"/>
</kw>
<status status="PASS" starttime="20221003 17:26:25.664" endtime="20221003 17:26:25.994"/>
</kw>
<kw name="Sign In And Verify Sign In Failed">
<kw name="Click Button" library="SeleniumLibrary">
<arg>${id_signin}</arg>
<doc>Clicks the button identified by ``locator``.</doc>
<msg timestamp="20221003 17:26:25.997" level="INFO">Clicking button 'id:signInBtn'.</msg>
<status status="PASS" starttime="20221003 17:26:25.996" endtime="20221003 17:26:26.112"/>
</kw>
<kw name="Wait Until Element Is Visible" library="SeleniumLibrary">
<arg>${xpath_alert_failed}</arg>
<arg>3</arg>
<doc>Waits until the element ``locator`` is visible.</doc>
<status status="PASS" starttime="20221003 17:26:26.112" endtime="20221003 17:26:28.114"/>
</kw>
<kw name="Get Element Attribute" library="SeleniumLibrary">
<var>${attribute}</var>
<arg>${xpath_alert_failed}</arg>
<arg>style</arg>
<doc>Returns the value of ``attribute`` from the element ``locator``.</doc>
<msg timestamp="20221003 17:26:28.153" level="INFO">${attribute} = display: block;</msg>
<status status="PASS" starttime="20221003 17:26:28.115" endtime="20221003 17:26:28.154"/>
</kw>
<kw name="Should Contain" library="BuiltIn">
<arg>${attribute}</arg>
<arg>block</arg>
<arg>Do not display alert message</arg>
<doc>Fails if ``container`` does not contain ``item`` one or more times.</doc>
<status status="PASS" starttime="20221003 17:26:28.154" endtime="20221003 17:26:28.155"/>
</kw>
<status status="PASS" starttime="20221003 17:26:25.995" endtime="20221003 17:26:28.155"/>
</kw>
<kw name="Close All Browsers" library="SeleniumLibrary">
<doc>Closes all open browsers and resets the browser cache.</doc>
<status status="PASS" starttime="20221003 17:26:28.155" endtime="20221003 17:26:31.460"/>
</kw>
<status status="PASS" starttime="20221003 17:26:25.172" endtime="20221003 17:26:31.460"/>
</kw>
<status status="PASS" starttime="20221003 17:26:20.619" endtime="20221003 17:26:31.461"/>
</test>
<test id="s1-t4" name="Login With Credentials x and x" line="18">
<kw name="Open Browser And Navigate To Page" library="SetUpTC" type="SETUP">
<kw name="Open Browser" library="SeleniumLibrary">
<arg>${url}</arg>
<arg>${browser}</arg>
<arg>executable_path=${executable_path}</arg>
<doc>Opens a new browser instance to the optional ``url``.</doc>
<msg timestamp="20221003 17:26:31.467" level="INFO">Opening browser 'chrome' to base url 'https://www.rahulshettyacademy.com/loginpagePractise/'.</msg>
<status status="PASS" starttime="20221003 17:26:31.466" endtime="20221003 17:26:34.934"/>
</kw>
<kw name="Maximize Browser Window" library="SeleniumLibrary">
<doc>Maximizes current browser window.</doc>
<status status="PASS" starttime="20221003 17:26:34.935" endtime="20221003 17:26:35.088"/>
</kw>
<status status="PASS" starttime="20221003 17:26:31.464" endtime="20221003 17:26:35.089"/>
</kw>
<kw name="Login With Invalid Credentials">
<arg>x</arg>
<arg>x</arg>
<kw name="Input User Name">
<arg>${user_name}</arg>
<kw name="Input Text" library="SeleniumLibrary">
<arg>${id_username}</arg>
<arg>${user_name}</arg>
<doc>Types the given ``text`` into the text field identified by ``locator``.</doc>
<msg timestamp="20221003 17:26:35.096" level="INFO">Typing text 'x' into text field 'id:username'.</msg>
<status status="PASS" starttime="20221003 17:26:35.093" endtime="20221003 17:26:35.377"/>
</kw>
<status status="PASS" starttime="20221003 17:26:35.090" endtime="20221003 17:26:35.377"/>
</kw>
<kw name="Input Password">
<arg>${password}</arg>
<kw name="Input Text" library="SeleniumLibrary">
<arg>${id_password}</arg>
<arg>${password}</arg>
<doc>Types the given ``text`` into the text field identified by ``locator``.</doc>
<msg timestamp="20221003 17:26:35.379" level="INFO">Typing text 'x' into text field 'id:password'.</msg>
<status status="PASS" starttime="20221003 17:26:35.379" endtime="20221003 17:26:35.525"/>
</kw>
<status status="PASS" starttime="20221003 17:26:35.377" endtime="20221003 17:26:35.526"/>
</kw>
<kw name="Check Agree checkbox">
<kw name="Select Checkbox" library="SeleniumLibrary">
<arg>${id_agree}</arg>
<doc>Selects the checkbox identified by ``locator``.</doc>
<msg timestamp="20221003 17:26:35.528" level="INFO">Selecting checkbox 'id:terms'.</msg>
<status status="PASS" starttime="20221003 17:26:35.527" endtime="20221003 17:26:35.671"/>
</kw>
<status status="PASS" starttime="20221003 17:26:35.526" endtime="20221003 17:26:35.671"/>
</kw>
<kw name="Sign In And Verify Sign In Failed">
<kw name="Click Button" library="SeleniumLibrary">
<arg>${id_signin}</arg>
<doc>Clicks the button identified by ``locator``.</doc>
<msg timestamp="20221003 17:26:35.675" level="INFO">Clicking button 'id:signInBtn'.</msg>
<status status="PASS" starttime="20221003 17:26:35.674" endtime="20221003 17:26:35.795"/>
</kw>
<kw name="Wait Until Element Is Visible" library="SeleniumLibrary">
<arg>${xpath_alert_failed}</arg>
<arg>3</arg>
<doc>Waits until the element ``locator`` is visible.</doc>
<status status="PASS" starttime="20221003 17:26:35.796" endtime="20221003 17:26:37.868"/>
</kw>
<kw name="Get Element Attribute" library="SeleniumLibrary">
<var>${attribute}</var>
<arg>${xpath_alert_failed}</arg>
<arg>style</arg>
<doc>Returns the value of ``attribute`` from the element ``locator``.</doc>
<msg timestamp="20221003 17:26:37.963" level="INFO">${attribute} = display: block;</msg>
<status status="PASS" starttime="20221003 17:26:37.869" endtime="20221003 17:26:37.964"/>
</kw>
<kw name="Should Contain" library="BuiltIn">
<arg>${attribute}</arg>
<arg>block</arg>
<arg>Do not display alert message</arg>
<doc>Fails if ``container`` does not contain ``item`` one or more times.</doc>
<status status="PASS" starttime="20221003 17:26:37.964" endtime="20221003 17:26:37.965"/>
</kw>
<status status="PASS" starttime="20221003 17:26:35.671" endtime="20221003 17:26:37.965"/>
</kw>
<kw name="Close All Browsers" library="SeleniumLibrary">
<doc>Closes all open browsers and resets the browser cache.</doc>
<status status="PASS" starttime="20221003 17:26:37.966" endtime="20221003 17:26:40.383"/>
</kw>
<status status="PASS" starttime="20221003 17:26:35.089" endtime="20221003 17:26:40.384"/>
</kw>
<status status="PASS" starttime="20221003 17:26:31.462" endtime="20221003 17:26:40.384"/>
</test>
<doc>This TC is to test login failed scenario</doc>
<status status="PASS" starttime="20221003 17:26:00.864" endtime="20221003 17:26:40.386"/>
</suite>
<statistics>
<total>
<stat pass="4" fail="0" skip="0">All Tests</stat>
</total>
<tag>
</tag>
<suite>
<stat pass="4" fail="0" skip="0" id="s1" name="TC01 Login Failed DataDriven CSV">TC01 Login Failed DataDriven CSV</stat>
</suite>
</statistics>
<errors>
<msg timestamp="20221003 17:26:04.869" level="ERROR">Connection to remote server broken: [WinError 10061] No connection could be made because the target machine actively refused it</msg>
<msg timestamp="20221003 17:26:04.870" level="ERROR">Unable to connect to PabotLib via '127.0.0.1:8270'! Is PabotLib in use? Try 'pabot --pabotlib'</msg>
<msg timestamp="20221003 17:26:04.870" level="ERROR">Execution as been processes without --testlevelsplit</msg>
</errors>
</robot>
