<?xml version="1.0" encoding="UTF-8"?>
<robot generator="Robot 5.0.1 (Python 3.9.13 on win32)" generated="20221002 21:19:29.726" rpa="false" schemaversion="3">
<suite id="s1" name="Tests" source="D:\LearningAndProjects\RobotFramework\tests">
<suite id="s1-s1" name="TC01 Login Failed With PabotLib" source="D:\LearningAndProjects\RobotFramework\tests\TC01_Login_Failed_With_PabotLib.robot">
<test id="s1-s1-t1" name="Validate Login Failed With Incorrect User Name And Password" line="31">
<kw name="Open Browser And Navigate To Page" library="SetUpTC" type="SETUP">
<kw name="Open Browser" library="SeleniumLibrary">
<arg>${url}</arg>
<arg>${browser}</arg>
<arg>executable_path=${executable_path}</arg>
<doc>Opens a new browser instance to the optional ``url``.</doc>
<msg timestamp="20221002 21:19:30.439" level="INFO">Opening browser 'chrome' to base url 'https://www.rahulshettyacademy.com/loginpagePractise/'.</msg>
<status status="PASS" starttime="20221002 21:19:30.438" endtime="20221002 21:19:38.969"/>
</kw>
<kw name="Maximize Browser Window" library="SeleniumLibrary">
<doc>Maximizes current browser window.</doc>
<status status="PASS" starttime="20221002 21:19:38.970" endtime="20221002 21:19:40.157"/>
</kw>
<status status="PASS" starttime="20221002 21:19:30.436" endtime="20221002 21:19:40.158"/>
</kw>
<kw name="Input User Name">
<arg>invalidUserName</arg>
<kw name="Input Text" library="SeleniumLibrary">
<arg>${id_username}</arg>
<arg>${user_name}</arg>
<doc>Types the given ``text`` into the text field identified by ``locator``.</doc>
<msg timestamp="20221002 21:19:40.162" level="INFO">Typing text 'invalidUserName' into text field 'id:username'.</msg>
<status status="PASS" starttime="20221002 21:19:40.159" endtime="20221002 21:19:43.393"/>
</kw>
<status status="PASS" starttime="20221002 21:19:40.158" endtime="20221002 21:19:43.394"/>
</kw>
<kw name="Input Password">
<arg>invalidPassword</arg>
<kw name="Input Text" library="SeleniumLibrary">
<arg>${id_password}</arg>
<arg>${password}</arg>
<doc>Types the given ``text`` into the text field identified by ``locator``.</doc>
<msg timestamp="20221002 21:19:43.398" level="INFO">Typing text 'invalidPassword' into text field 'id:password'.</msg>
<status status="PASS" starttime="20221002 21:19:43.396" endtime="20221002 21:19:43.868"/>
</kw>
<status status="PASS" starttime="20221002 21:19:43.394" endtime="20221002 21:19:43.869"/>
</kw>
<kw name="Check Agree checkbox">
<kw name="Select Checkbox" library="SeleniumLibrary">
<arg>${id_agree}</arg>
<doc>Selects the checkbox identified by ``locator``.</doc>
<msg timestamp="20221002 21:19:43.872" level="INFO">Selecting checkbox 'id:terms'.</msg>
<status status="PASS" starttime="20221002 21:19:43.871" endtime="20221002 21:19:44.269"/>
</kw>
<status status="PASS" starttime="20221002 21:19:43.869" endtime="20221002 21:19:44.270"/>
</kw>
<kw name="Sign In And Verify Sign In Failed">
<kw name="Click Button" library="SeleniumLibrary">
<arg>${id_signin}</arg>
<doc>Clicks the button identified by ``locator``.</doc>
<msg timestamp="20221002 21:19:44.274" level="INFO">Clicking button 'id:signInBtn'.</msg>
<status status="PASS" starttime="20221002 21:19:44.272" endtime="20221002 21:19:44.894"/>
</kw>
<kw name="Wait Until Element Is Visible" library="SeleniumLibrary">
<arg>${xpath_alert_failed}</arg>
<arg>3</arg>
<doc>Waits until the element ``locator`` is visible.</doc>
<status status="PASS" starttime="20221002 21:19:44.894" endtime="20221002 21:19:47.211"/>
</kw>
<kw name="Get Element Attribute" library="SeleniumLibrary">
<var>${attribute}</var>
<arg>${xpath_alert_failed}</arg>
<arg>style</arg>
<doc>Returns the value of ``attribute`` from the element ``locator``.</doc>
<msg timestamp="20221002 21:19:47.402" level="INFO">${attribute} = display: block;</msg>
<status status="PASS" starttime="20221002 21:19:47.212" endtime="20221002 21:19:47.402"/>
</kw>
<kw name="Should Contain" library="BuiltIn">
<arg>${attribute}</arg>
<arg>block</arg>
<arg>Do not display alert message</arg>
<doc>Fails if ``container`` does not contain ``item`` one or more times.</doc>
<status status="PASS" starttime="20221002 21:19:47.403" endtime="20221002 21:19:47.405"/>
</kw>
<status status="PASS" starttime="20221002 21:19:44.270" endtime="20221002 21:19:47.406"/>
</kw>
<kw name="Close All Browsers" library="SeleniumLibrary">
<doc>Closes all open browsers and resets the browser cache.</doc>
<status status="PASS" starttime="20221002 21:19:47.406" endtime="20221002 21:19:54.112"/>
</kw>
<status status="PASS" starttime="20221002 21:19:30.434" endtime="20221002 21:19:54.116"/>
</test>
<doc>This TC is to test login failed scenario</doc>
<status status="PASS" starttime="20221002 21:19:29.824" endtime="20221002 21:19:54.128"/>
</suite>
<status status="PASS" starttime="20221002 21:19:29.773" endtime="20221002 21:19:54.137"/>
</suite>
<statistics>
<total>
<stat pass="1" fail="0" skip="0">All Tests</stat>
</total>
<tag>
</tag>
<suite>
<stat pass="1" fail="0" skip="0" id="s1" name="Tests">Tests</stat>
<stat pass="1" fail="0" skip="0" id="s1-s1" name="TC01 Login Failed With PabotLib">Tests.TC01 Login Failed With PabotLib</stat>
</suite>
</statistics>
<errors>
<msg timestamp="20221002 21:19:56.425" level="ERROR">RuntimeError catched in remotelib keyword execution. Maybe there is no connection - is pabot called with --pabotlib option? ErrorDetails: RuntimeError('Connection to remote server broken: [WinError 10061] No connection could be made because the target machine actively refused it')</msg>
</errors>
</robot>
